[Mon Oct 21 19:43:15 2024
] Requested LIST
[Mon Oct 21 19:44:06 2024
] Client disconnected
[Mon Oct 21 19:59:01 2024
] Requested DIFF
[Mon Oct 21 19:59:05 2024
] Requested PULL
[Mon Oct 21 20:03:42 2024
] Client disconnected
[Mon Oct 21 20:03:53 2024
] Requested PULL
[Mon Oct 21 20:04:10 2024
] Client disconnected
[Mon Oct 21 20:04:24 2024
] Requested PULL
[Mon Oct 21 20:18:12 2024
] Client disconnected
[Mon Oct 21 20:18:24 2024
] Requested LIST
[Mon Oct 21 20:18:26 2024
] Requested PULL
[Mon Oct 21 23:38:37 2024
] Client disconnected
[Mon Oct 21 23:38:49 2024
] Requested LIST
[Mon Oct 21 23:38:50 2024
] Requested DIFF
[Mon Oct 21 23:38:51 2024
] Requested PULL
[Mon Oct 21 23:39:09 2024
] Requested PULL
[Mon Oct 21 23:39:16 2024
] Client disconnected
[Tue Oct 22 00:42:58 2024
] Requested PULL
[Tue Oct 22 00:43:00 2024
] Client disconnected
[Tue Oct 22 00:59:14 2024
] Requested LIST
[Tue Oct 22 00:59:16 2024
] Requested DIFF
[Tue Oct 22 00:59:18 2024
] Requested PULL
[Tue Oct 22 00:59:21 2024
] Disconnected
[Tue Oct 22 01:15:33 2024
] Requested PULL
[Tue Oct 22 01:15:44 2024
] Disconnected
